<?xml version="1.0" encoding="UTF-8"?>
<testsuite xmlns:xsi="http://www.w3.org/2001/XMLSchema-instance" xsi:noNamespaceSchemaLocation="https://maven.apache.org/surefire/maven-surefire-plugin/xsd/surefire-test-report.xsd" name="fit.AppTest" time="0.027" tests="5" errors="0" skipped="0" failures="0">
  <properties>
[...]
</properties>
  <testcase name="shouldCalculateDiscountValue" classname="fit.AppTest" time="0.002"/>
  <testcase name="shouldCalculateTaxLayerValue" classname="fit.AppTest" time="0"/>
  <testcase name="shouldCalculateInssWith11Percent" classname="fit.AppTest" time="0"/>
  <testcase name="shouldCalculateExemptionValue" classname="fit.AppTest" time="0"/>
  <testcase name="shouldCalculateIrpfValue" classname="fit.AppTest" time="0"/>
</testsuite>